2023-03-08 22:47:09.650 +07 [6032] СООБЩЕНИЕ:  начата контрольная точка: immediate force wait
2023-03-08 22:47:10.281 +07 [6032] СООБЩЕНИЕ:  контрольная точка завершена: записано буферов: 4 (0.0%); добавлено файлов WAL 1, удалено: 0, переработано: 0; запись=0.003 сек., синхр.=0.169 сек., всего=0.632 сек.; синхронизировано_файлов=4, самая_долгая_синхр.=0.109 сек., средняя=0.043 сек.; расстояние=4227 kB, ожидалось=4227 kB
2023-03-08 22:51:10.087 +07 [8068] РћРЁРР‘РљРђ:  Р±Р°Р·Р° РґР°РЅРЅС‹С… "homework" СѓР¶Рµ СЃСѓС‰РµСЃС‚РІСѓРµС‚
2023-03-08 22:51:10.087 +07 [8068] РћРџР•Р РђРўРћР :  CREATE DATABASE homework
		WITH
		OWNER = postgres
		ENCODING = 'UTF8'
		CONNECTION LIMIT = -1
		IS_TEMPLATE = False;
2023-03-08 22:51:23.733 +07 [8068] РћРЁРР‘РљРђ:  РѕС€РёР±РєР° СЃРёРЅС‚Р°РєСЃРёСЃР° (РїСЂРёРјРµСЂРЅРѕРµ РїРѕР»РѕР¶РµРЅРёРµ: "NOT") (СЃРёРјРІРѕР» 20)
2023-03-08 22:51:23.733 +07 [8068] РћРџР•Р РђРўРћР :  CREATE DATABASE IF NOT EXISTS homework
		WITH
		OWNER = postgres
		ENCODING = 'UTF8'
		CONNECTION LIMIT = -1
		IS_TEMPLATE = False;
2023-03-08 22:52:09.282 +07 [6032] СООБЩЕНИЕ:  начата контрольная точка: time
2023-03-08 22:52:10.129 +07 [8068] РћРЁРР‘РљРђ:  РѕС€РёР±РєР° СЃРёРЅС‚Р°РєСЃРёСЃР° (РїСЂРёРјРµСЂРЅРѕРµ РїРѕР»РѕР¶РµРЅРёРµ: "IF") (СЃРёРјРІРѕР» 26)
2023-03-08 22:52:10.129 +07 [8068] РћРџР•Р РђРўРћР :  CREATE DATABASE homework IF NOT EXISTS
		WITH
		OWNER = postgres
		ENCODING = 'UTF8'
		CONNECTION LIMIT = -1
		IS_TEMPLATE = False;
2023-03-08 22:52:37.488 +07 [8068] РћРЁРР‘РљРђ:  РѕС€РёР±РєР° СЃРёРЅС‚Р°РєСЃРёСЃР° (РїСЂРёРјРµСЂРЅРѕРµ РїРѕР»РѕР¶РµРЅРёРµ: "IF") (СЃРёРјРІРѕР» 1)
2023-03-08 22:52:37.488 +07 [8068] РћРџР•Р РђРўРћР :  IF NOT EXISTS CREATE DATABASE homework
		WITH
		OWNER = postgres
		ENCODING = 'UTF8'
		CONNECTION LIMIT = -1
		IS_TEMPLATE = False;
2023-03-08 22:53:21.248 +07 [8068] РћРЁРР‘РљРђ:  РѕС€РёР±РєР° СЃРёРЅС‚Р°РєСЃРёСЃР° (РїСЂРёРјРµСЂРЅРѕРµ РїРѕР»РѕР¶РµРЅРёРµ: "NOT") (СЃРёРјРІРѕР» 20)
2023-03-08 22:53:21.248 +07 [8068] РћРџР•Р РђРўРћР :  CREATE DATABASE IF NOT EXISTS homework
		WITH
		OWNER = postgres
		ENCODING = 'UTF8'
		CONNECTION LIMIT = -1
		IS_TEMPLATE = False;
2023-03-08 22:53:54.767 +07 [6032] СООБЩЕНИЕ:  контрольная точка завершена: записано буферов: 925 (5.6%); добавлено файлов WAL 0, удалено: 0, переработано: 1; запись=100.007 сек., синхр.=3.470 сек., всего=105.486 сек.; синхронизировано_файлов=249, самая_долгая_синхр.=0.102 сек., средняя=0.014 сек.; расстояние=4227 kB, ожидалось=4227 kB
2023-03-08 22:54:45.383 +07 [8068] РћРЁРР‘РљРђ:  РѕС€РёР±РєР° СЃРёРЅС‚Р°РєСЃРёСЃР° (РїСЂРёРјРµСЂРЅРѕРµ РїРѕР»РѕР¶РµРЅРёРµ: "EXISTS") (СЃРёРјРІРѕР» 20)
2023-03-08 22:54:45.383 +07 [8068] РћРџР•Р РђРўРћР :  CREATE DATABASE IF EXISTS homework
		WITH
		OWNER = postgres
		ENCODING = 'UTF8'
		CONNECTION LIMIT = -1
		IS_TEMPLATE = False;
2023-03-08 22:56:36.749 +07 [8068] РћРЁРР‘РљРђ:  РѕС€РёР±РєР° СЃРёРЅС‚Р°РєСЃРёСЃР° (РїСЂРёРјРµСЂРЅРѕРµ РїРѕР»РѕР¶РµРЅРёРµ: "NOT") (СЃРёРјРІРѕР» 20)
2023-03-08 22:56:36.749 +07 [8068] РћРџР•Р РђРўРћР :  CREATE DATABASE IF NOT EXISTS homework
		WITH
		OWNER = postgres
		ENCODING = 'UTF8'
		CONNECTION LIMIT = -1
		IS_TEMPLATE = False;
2023-03-08 23:04:07.287 +07 [8068] РћРЁРР‘РљРђ:  РѕС€РёР±РєР° СЃРёРЅС‚Р°РєСЃРёСЃР° (РїСЂРёРјРµСЂРЅРѕРµ РїРѕР»РѕР¶РµРЅРёРµ: "EXISTS") (СЃРёРјРІРѕР» 20)
2023-03-08 23:04:07.287 +07 [8068] РћРџР•Р РђРўРћР :  CREATE DATABASE IF EXISTS homework
		WITH
		OWNER = postgres
		ENCODING = 'UTF8'
		CONNECTION LIMIT = -1
		IS_TEMPLATE = False;
2023-03-08 23:04:19.852 +07 [8068] РћРЁРР‘РљРђ:  РѕС€РёР±РєР° СЃРёРЅС‚Р°РєСЃРёСЃР° (РїСЂРёРјРµСЂРЅРѕРµ РїРѕР»РѕР¶РµРЅРёРµ: "NOT") (СЃРёРјРІРѕР» 20)
2023-03-08 23:04:19.852 +07 [8068] РћРџР•Р РђРўРћР :  CREATE DATABASE IF NOT EXISTS homework
		WITH
		OWNER = postgres
		ENCODING = 'UTF8'
		CONNECTION LIMIT = -1
		IS_TEMPLATE = False;
2023-03-08 23:04:30.557 +07 [7248] РЎРћРћР‘Р©Р•РќРР•:  РЅРµ СѓРґР°Р»РѕСЃСЊ РїРѕР»СѓС‡РёС‚СЊ РґР°РЅРЅС‹Рµ РѕС‚ РєР»РёРµРЅС‚Р°: An existing connection was forcibly closed by the remote host.
	
2023-03-08 23:04:30.557 +07 [5828] РЎРћРћР‘Р©Р•РќРР•:  РЅРµ СѓРґР°Р»РѕСЃСЊ РїРѕР»СѓС‡РёС‚СЊ РґР°РЅРЅС‹Рµ РѕС‚ РєР»РёРµРЅС‚Р°: An existing connection was forcibly closed by the remote host.
	
2023-03-08 23:04:30.557 +07 [12628] РЎРћРћР‘Р©Р•РќРР•:  РЅРµ СѓРґР°Р»РѕСЃСЊ РїРѕР»СѓС‡РёС‚СЊ РґР°РЅРЅС‹Рµ РѕС‚ РєР»РёРµРЅС‚Р°: An existing connection was forcibly closed by the remote host.
	
2023-03-08 23:04:30.561 +07 [8068] РЎРћРћР‘Р©Р•РќРР•:  РЅРµ СѓРґР°Р»РѕСЃСЊ РїРѕР»СѓС‡РёС‚СЊ РґР°РЅРЅС‹Рµ РѕС‚ РєР»РёРµРЅС‚Р°: An existing connection was forcibly closed by the remote host.
	
2023-03-08 23:04:30.603 +07 [5276] СООБЩЕНИЕ:  не удалось получить данные от клиента: An existing connection was forcibly closed by the remote host.
	
2023-03-08 23:06:42.082 +07 [20012] РћРЁРР‘РљРђ:  РѕС€РёР±РєР° СЃРёРЅС‚Р°РєСЃРёСЃР° (РїСЂРёРјРµСЂРЅРѕРµ РїРѕР»РѕР¶РµРЅРёРµ: "NOT") (СЃРёРјРІРѕР» 20)
2023-03-08 23:06:42.082 +07 [20012] РћРџР•Р РђРўРћР :  CREATE DATABASE IF NOT EXISTS homework
		WITH
		OWNER = postgres
		ENCODING = 'UTF8'
		
2023-03-08 23:07:03.304 +07 [20012] РћРЁРР‘РљРђ:  РѕС€РёР±РєР° СЃРёРЅС‚Р°РєСЃРёСЃР° (РїСЂРёРјРµСЂРЅРѕРµ РїРѕР»РѕР¶РµРЅРёРµ: "NOT") (СЃРёРјРІРѕР» 17)
2023-03-08 23:07:03.304 +07 [20012] РћРџР•Р РђРўРћР :  CREATE DATABASE NOT IF EXISTS homework
		WITH
		OWNER = postgres
		ENCODING = 'UTF8'
		
2023-03-08 23:07:14.765 +07 [20012] РћРЁРР‘РљРђ:  Р±Р°Р·Р° РґР°РЅРЅС‹С… "homework" СѓР¶Рµ СЃСѓС‰РµСЃС‚РІСѓРµС‚
2023-03-08 23:07:14.765 +07 [20012] РћРџР•Р РђРўРћР :  CREATE DATABASE homework
		WITH
		OWNER = postgres
		ENCODING = 'UTF8'
		
2023-03-08 23:08:26.205 +07 [6032] СООБЩЕНИЕ:  начата контрольная точка: immediate force wait
2023-03-08 23:08:27.998 +07 [6032] СООБЩЕНИЕ:  контрольная точка завершена: записано буферов: 1 (0.0%); добавлено файлов WAL 0, удалено: 0, переработано: 0; запись=0.001 сек., синхр.=0.019 сек., всего=1.793 сек.; синхронизировано_файлов=1, самая_долгая_синхр.=0.019 сек., средняя=0.019 сек.; расстояние=1 kB, ожидалось=3804 kB
2023-03-08 23:09:14.403 +07 [20012] РћРЁРР‘РљРђ:  РѕС€РёР±РєР° СЃРёРЅС‚Р°РєСЃРёСЃР° (РїСЂРёРјРµСЂРЅРѕРµ РїРѕР»РѕР¶РµРЅРёРµ: "CREATE") (СЃРёРјРІРѕР» 24)
2023-03-08 23:09:14.403 +07 [20012] РћРџР•Р РђРўРћР :  DROP DATABASE homework
	CREATE DATABASE homework
		WITH
		OWNER = postgres
		ENCODING = 'UTF8'
		CONNECTION LIMIT = -1
	    IS_TEMPLATE = False;
		
2023-03-08 23:09:26.207 +07 [20012] РћРЁРР‘РљРђ:  РѕС€РёР±РєР° СЃРёРЅС‚Р°РєСЃРёСЃР° (РїСЂРёРјРµСЂРЅРѕРµ РїРѕР»РѕР¶РµРЅРёРµ: "CREATE") (СЃРёРјРІРѕР» 25)
2023-03-08 23:09:26.207 +07 [20012] РћРџР•Р РђРўРћР :  DROP DATABASE homework
	
	CREATE DATABASE homework
		WITH
		OWNER = postgres
		ENCODING = 'UTF8'
		CONNECTION LIMIT = -1
	    IS_TEMPLATE = False;
		
2023-03-08 23:10:15.904 +07 [20012] РћРЁРР‘РљРђ:  РѕС€РёР±РєР° СЃРёРЅС‚Р°РєСЃРёСЃР° (РїСЂРёРјРµСЂРЅРѕРµ РїРѕР»РѕР¶РµРЅРёРµ: "CREATE") (СЃРёРјРІРѕР» 35)
2023-03-08 23:10:15.904 +07 [20012] РћРџР•Р РђРўРћР :  DROP DATABASE IF EXISTS homework
	
	CREATE DATABASE homework
		WITH
		OWNER = postgres
		ENCODING = 'UTF8'
		CONNECTION LIMIT = -1
	    IS_TEMPLATE = False;
		
2023-03-08 23:13:27.010 +07 [6032] СООБЩЕНИЕ:  начата контрольная точка: time
2023-03-08 23:15:11.961 +07 [6032] СООБЩЕНИЕ:  контрольная точка завершена: записано буферов: 925 (5.6%); добавлено файлов WAL 0, удалено: 0, переработано: 0; запись=100.119 сек., синхр.=3.040 сек., всего=104.951 сек.; синхронизировано_файлов=249, самая_долгая_синхр.=0.033 сек., средняя=0.013 сек.; расстояние=4227 kB, ожидалось=4227 kB
2023-03-08 23:16:34.890 +07 [20012] РћРЁРР‘РљРђ:  CREATE DATABASE РЅРµ РјРѕР¶РµС‚ РІС‹РїРѕР»РЅСЏС‚СЊСЃСЏ РІРЅСѓС‚СЂРё Р±Р»РѕРєР° С‚СЂР°РЅР·Р°РєС†РёРё
2023-03-08 23:16:34.890 +07 [20012] РћРџР•Р РђРўРћР :  CREATE DATABASE homework
		WITH
		OWNER = postgres
		ENCODING = 'UTF8'
		CONNECTION LIMIT = -1
	    IS_TEMPLATE = False;
		
	CREATE TABLE genre
	(
		genre_id serial PRIMARY KEY,
		title_genre varchar(64)
	);
		
2023-03-08 23:16:47.841 +07 [6032] СООБЩЕНИЕ:  начата контрольная точка: immediate force wait
2023-03-08 23:16:47.968 +07 [6032] СООБЩЕНИЕ:  контрольная точка завершена: записано буферов: 1 (0.0%); добавлено файлов WAL 0, удалено: 0, переработано: 0; запись=0.002 сек., синхр.=0.024 сек., всего=0.128 сек.; синхронизировано_файлов=1, самая_долгая_синхр.=0.024 сек., средняя=0.024 сек.; расстояние=1 kB, ожидалось=3805 kB
2023-03-08 23:16:50.027 +07 [20012] РћРЁРР‘РљРђ:  CREATE DATABASE РЅРµ РјРѕР¶РµС‚ РІС‹РїРѕР»РЅСЏС‚СЊСЃСЏ РІРЅСѓС‚СЂРё Р±Р»РѕРєР° С‚СЂР°РЅР·Р°РєС†РёРё
2023-03-08 23:16:50.027 +07 [20012] РћРџР•Р РђРўРћР :  CREATE DATABASE homework
		WITH
		OWNER = postgres
		ENCODING = 'UTF8'
		CONNECTION LIMIT = -1
	    IS_TEMPLATE = False;
		
	CREATE TABLE genre
	(
		genre_id serial PRIMARY KEY,
		title_genre varchar(64)
	);
		
2023-03-08 23:21:47.982 +07 [6032] СООБЩЕНИЕ:  начата контрольная точка: time
2023-03-08 23:23:32.693 +07 [6032] СООБЩЕНИЕ:  контрольная точка завершена: записано буферов: 925 (5.6%); добавлено файлов WAL 0, удалено: 0, переработано: 0; запись=99.866 сек., синхр.=3.056 сек., всего=104.711 сек.; синхронизировано_файлов=249, самая_долгая_синхр.=0.097 сек., средняя=0.013 сек.; расстояние=4227 kB, ожидалось=4227 kB
2023-03-13 20:33:46.209 +07 [15876] РћРЁРР‘РљРђ:  Р±Р°Р·Р° РґР°РЅРЅС‹С… "test" Р·Р°РЅСЏС‚Р° РґСЂСѓРіРёРјРё РїРѕР»СЊР·РѕРІР°С‚РµР»СЏРјРё
2023-03-13 20:33:46.209 +07 [15876] РџРћР”Р РћР‘РќРћРЎРўР:  Р­С‚Р° Р±Р°Р·Р° РґР°РЅРЅС‹С… РёСЃРїРѕР»СЊР·СѓРµС‚СЃСЏ РµС‰С‘ РІ 3 СЃРµР°РЅСЃР°С….
2023-03-13 20:33:46.209 +07 [15876] РћРџР•Р РђРўРћР :  DROP DATABASE IF EXISTS test;
	
2023-03-13 20:34:37.995 +07 [6032] СООБЩЕНИЕ:  начата контрольная точка: immediate force wait
2023-03-13 20:34:38.102 +07 [6032] СООБЩЕНИЕ:  контрольная точка завершена: записано буферов: 1 (0.0%); добавлено файлов WAL 0, удалено: 0, переработано: 0; запись=0.002 сек., синхр.=0.022 сек., всего=0.107 сек.; синхронизировано_файлов=1, самая_долгая_синхр.=0.022 сек., средняя=0.022 сек.; расстояние=1 kB, ожидалось=3805 kB
2023-03-13 20:39:37.106 +07 [6032] СООБЩЕНИЕ:  начата контрольная точка: time
2023-03-13 20:39:39.111 +07 [6032] СООБЩЕНИЕ:  контрольная точка завершена: записано буферов: 2 (0.0%); добавлено файлов WAL 0, удалено: 0, переработано: 0; запись=0.108 сек., синхр.=0.164 сек., всего=2.006 сек.; синхронизировано_файлов=2, самая_долгая_синхр.=0.137 сек., средняя=0.082 сек.; расстояние=0 kB, ожидалось=3424 kB
2023-03-13 23:19:45.814 +07 [16484] РћРЁРР‘РљРђ:  РѕС€РёР±РєР° СЃРёРЅС‚Р°РєСЃРёСЃР° (РїСЂРёРјРµСЂРЅРѕРµ РїРѕР»РѕР¶РµРЅРёРµ: "DROP") (СЃРёРјРІРѕР» 8)
2023-03-13 23:19:45.814 +07 [16484] РћРџР•Р РђРўРћР :  BEGIN
	
	DROP TABLE IF EXISTS genre
	DROP TABLE IF EXISTS performer
	DROP TABLE IF EXISTS genre_performer
	DROP TABLE IF EXISTS album
	DROP TABLE IF EXISTS performer_album
	DROP TABLE IF EXISTS track_list
	DROP TABLE IF EXISTS collection
	DROP TABLE IF EXISTS collection_track_list
	
	CREATE TABLE genre
	(
		genre_id serial PRIMARY KEY,
		title_genre varchar(64) NOT NULL
	);
	
	CREATE TABLE performer
	(
		performer_id serial PRIMARY KEY,
		name text NOT NULL
	);
	
	CREATE TABLE genre_performer
	(
		genre_id int REFERENCES genre(genre_id),
		performer_id int REFERENCES performer(performer_id),
		
		CONSTRAINT genre_performer_pkey PRIMARY KEY (genre_id, performer_id)
	);
	
	CREATE TABLE album
	(
		album_id serial PRIMARY KEY,
		title_album varchar(64) NOT NULL,
		year_of_release int NOT NULL 
	);
	
	CREATE TABLE performer_album
	(
		perfofmer_id int REFERENCES performer(performer_id),
		album_id int REFERENCES album(album_id),
		
		CONSTRAINT performer_album_pkey PRIMARY KEY (performer_id, album_id)
	);
	
	CREATE TABLE track_list
	(
		track_list_id serial PRIMARY KEY,
		title_track text NOT NULL,
		duration int NOT NULL,
		album_id int REFERENCES album(album_id)
	);
	
	CREATE TABLE collection
	(
		collection_id serial PRIMARY KEY,
		collection_title varchar(64) NOT NULL,
		year_of_release int NOT NULL
	);
	
	CREATE TABLE collection_track_list
	(
		collection_id int REFERENCES collection(collection_id),
		track_list_id int REFERENCES track_list(track_list_id),
		
		CONSTRAINT collection_track_list_pkey PRIMARY KEY (collection_id, track_list_id)
	);
	
	COMMIT
	
2023-03-13 23:20:30.356 +07 [16484] РћРЁРР‘РљРђ:  РѕС€РёР±РєР° СЃРёРЅС‚Р°РєСЃРёСЃР° (РїСЂРёРјРµСЂРЅРѕРµ РїРѕР»РѕР¶РµРЅРёРµ: "DROP") (СЃРёРјРІРѕР» 28)
2023-03-13 23:20:30.356 +07 [16484] РћРџР•Р РђРўРћР :  DROP TABLE IF EXISTS genre
	DROP TABLE IF EXISTS performer
	DROP TABLE IF EXISTS genre_performer
	DROP TABLE IF EXISTS album
	DROP TABLE IF EXISTS performer_album
	DROP TABLE IF EXISTS track_list
	DROP TABLE IF EXISTS collection
	DROP TABLE IF EXISTS collection_track_list
	
	BEGIN
	
	CREATE TABLE genre
	(
		genre_id serial PRIMARY KEY,
		title_genre varchar(64) NOT NULL
	);
	
	CREATE TABLE performer
	(
		performer_id serial PRIMARY KEY,
		name text NOT NULL
	);
	
	CREATE TABLE genre_performer
	(
		genre_id int REFERENCES genre(genre_id),
		performer_id int REFERENCES performer(performer_id),
		
		CONSTRAINT genre_performer_pkey PRIMARY KEY (genre_id, performer_id)
	);
	
	CREATE TABLE album
	(
		album_id serial PRIMARY KEY,
		title_album varchar(64) NOT NULL,
		year_of_release int NOT NULL 
	);
	
	CREATE TABLE performer_album
	(
		perfofmer_id int REFERENCES performer(performer_id),
		album_id int REFERENCES album(album_id),
		
		CONSTRAINT performer_album_pkey PRIMARY KEY (performer_id, album_id)
	);
	
	CREATE TABLE track_list
	(
		track_list_id serial PRIMARY KEY,
		title_track text NOT NULL,
		duration int NOT NULL,
		album_id int REFERENCES album(album_id)
	);
	
	CREATE TABLE collection
	(
		collection_id serial PRIMARY KEY,
		collection_title varchar(64) NOT NULL,
		year_of_release int NOT NULL
	);
	
	CREATE TABLE collection_track_list
	(
		collection_id int REFERENCES collection(collection_id),
		track_list_id int REFERENCES track_list(track_list_id),
		
		CONSTRAINT collection_track_list_pkey PRIMARY KEY (collection_id, track_list_id)
	);
	
	COMMIT
	
2023-03-13 23:22:50.036 +07 [16484] РћРЁРР‘РљРђ:  РѕС€РёР±РєР° СЃРёРЅС‚Р°РєСЃРёСЃР° (РїСЂРёРјРµСЂРЅРѕРµ РїРѕР»РѕР¶РµРЅРёРµ: "DROP") (СЃРёРјРІРѕР» 8)
2023-03-13 23:22:50.036 +07 [16484] РћРџР•Р РђРўРћР :  BEGIN
	
	DROP TABLE IF EXISTS genre;
	DROP TABLE IF EXISTS performer;
	DROP TABLE IF EXISTS genre_performer;
	DROP TABLE IF EXISTS album;
	DROP TABLE IF EXISTS performer_album;
	DROP TABLE IF EXISTS track_list;
	DROP TABLE IF EXISTS collection;
	DROP TABLE IF EXISTS collection_track_list;
	
	CREATE TABLE genre
	(
		genre_id serial PRIMARY KEY,
		title_genre varchar(64) NOT NULL
	);
	
	CREATE TABLE performer
	(
		performer_id serial PRIMARY KEY,
		name text NOT NULL
	);
	
	CREATE TABLE genre_performer
	(
		genre_id int REFERENCES genre(genre_id),
		performer_id int REFERENCES performer(performer_id),
		
		CONSTRAINT genre_performer_pkey PRIMARY KEY (genre_id, performer_id)
	);
	
	CREATE TABLE album
	(
		album_id serial PRIMARY KEY,
		title_album varchar(64) NOT NULL,
		year_of_release int NOT NULL 
	);
	
	CREATE TABLE performer_album
	(
		perfofmer_id int REFERENCES performer(performer_id),
		album_id int REFERENCES album(album_id),
		
		CONSTRAINT performer_album_pkey PRIMARY KEY (performer_id, album_id)
	);
	
	CREATE TABLE track_list
	(
		track_list_id serial PRIMARY KEY,
		title_track text NOT NULL,
		duration int NOT NULL,
		album_id int REFERENCES album(album_id)
	);
	
	CREATE TABLE collection
	(
		collection_id serial PRIMARY KEY,
		collection_title varchar(64) NOT NULL,
		year_of_release int NOT NULL
	);
	
	CREATE TABLE collection_track_list
	(
		collection_id int REFERENCES collection(collection_id),
		track_list_id int REFERENCES track_list(track_list_id),
		
		CONSTRAINT collection_track_list_pkey PRIMARY KEY (collection_id, track_list_id)
	);
	
	COMMIT
	
2023-03-13 23:23:00.721 +07 [16484] РћРЁРР‘РљРђ:  СѓРєР°Р·Р°РЅРЅС‹Р№ РІ РєР»СЋС‡Рµ СЃС‚РѕР»Р±РµС† "performer_id" РЅРµ СЃСѓС‰РµСЃС‚РІСѓРµС‚ (СЃРёРјРІРѕР» 910)
2023-03-13 23:23:00.721 +07 [16484] РћРџР•Р РђРўРћР :  BEGIN;
	
	DROP TABLE IF EXISTS genre;
	DROP TABLE IF EXISTS performer;
	DROP TABLE IF EXISTS genre_performer;
	DROP TABLE IF EXISTS album;
	DROP TABLE IF EXISTS performer_album;
	DROP TABLE IF EXISTS track_list;
	DROP TABLE IF EXISTS collection;
	DROP TABLE IF EXISTS collection_track_list;
	
	CREATE TABLE genre
	(
		genre_id serial PRIMARY KEY,
		title_genre varchar(64) NOT NULL
	);
	
	CREATE TABLE performer
	(
		performer_id serial PRIMARY KEY,
		name text NOT NULL
	);
	
	CREATE TABLE genre_performer
	(
		genre_id int REFERENCES genre(genre_id),
		performer_id int REFERENCES performer(performer_id),
		
		CONSTRAINT genre_performer_pkey PRIMARY KEY (genre_id, performer_id)
	);
	
	CREATE TABLE album
	(
		album_id serial PRIMARY KEY,
		title_album varchar(64) NOT NULL,
		year_of_release int NOT NULL 
	);
	
	CREATE TABLE performer_album
	(
		perfofmer_id int REFERENCES performer(performer_id),
		album_id int REFERENCES album(album_id),
		
		CONSTRAINT performer_album_pkey PRIMARY KEY (performer_id, album_id)
	);
	
	CREATE TABLE track_list
	(
		track_list_id serial PRIMARY KEY,
		title_track text NOT NULL,
		duration int NOT NULL,
		album_id int REFERENCES album(album_id)
	);
	
	CREATE TABLE collection
	(
		collection_id serial PRIMARY KEY,
		collection_title varchar(64) NOT NULL,
		year_of_release int NOT NULL
	);
	
	CREATE TABLE collection_track_list
	(
		collection_id int REFERENCES collection(collection_id),
		track_list_id int REFERENCES track_list(track_list_id),
		
		CONSTRAINT collection_track_list_pkey PRIMARY KEY (collection_id, track_list_id)
	);
	
	COMMIT
	
2023-03-13 23:23:33.457 +07 [16484] РћРЁРР‘РљРђ:  С‚РµРєСѓС‰Р°СЏ С‚СЂР°РЅР·Р°РєС†РёСЏ РїСЂРµСЂРІР°РЅР°, РєРѕРјР°РЅРґС‹ РґРѕ РєРѕРЅС†Р° Р±Р»РѕРєР° С‚СЂР°РЅР·Р°РєС†РёРё РёРіРЅРѕСЂРёСЂСѓСЋС‚СЃСЏ
2023-03-13 23:23:33.457 +07 [16484] РћРџР•Р РђРўРћР :  BEGIN;
	
	DROP TABLE IF EXISTS genre;
	DROP TABLE IF EXISTS performer;
	DROP TABLE IF EXISTS genre_performer;
	DROP TABLE IF EXISTS album;
	DROP TABLE IF EXISTS performer_album;
	DROP TABLE IF EXISTS track_list;
	DROP TABLE IF EXISTS collection;
	DROP TABLE IF EXISTS collection_track_list;
	
	CREATE TABLE genre
	(
		genre_id serial PRIMARY KEY,
		title_genre varchar(64) NOT NULL
	);
	
	CREATE TABLE performer
	(
		performer_id serial PRIMARY KEY,
		name text NOT NULL
	);
	
	CREATE TABLE genre_performer
	(
		genre_id int REFERENCES genre(genre_id),
		performer_id int REFERENCES performer(performer_id),
		
		CONSTRAINT genre_performer_pkey PRIMARY KEY (genre_id, performer_id)
	);
	
	CREATE TABLE album
	(
		album_id serial PRIMARY KEY,
		title_album varchar(64) NOT NULL,
		year_of_release int NOT NULL 
	);
	
	CREATE TABLE performer_album
	(
		performer_id int REFERENCES performer(performer_id),
		album_id int REFERENCES album(album_id),
		
		CONSTRAINT performer_album_pkey PRIMARY KEY (performer_id, album_id)
	);
	
	CREATE TABLE track_list
	(
		track_list_id serial PRIMARY KEY,
		title_track text NOT NULL,
		duration int NOT NULL,
		album_id int REFERENCES album(album_id)
	);
	
	CREATE TABLE collection
	(
		collection_id serial PRIMARY KEY,
		collection_title varchar(64) NOT NULL,
		year_of_release int NOT NULL
	);
	
	CREATE TABLE collection_track_list
	(
		collection_id int REFERENCES collection(collection_id),
		track_list_id int REFERENCES track_list(track_list_id),
		
		CONSTRAINT collection_track_list_pkey PRIMARY KEY (collection_id, track_list_id)
	);
	
	COMMIT
	
2023-03-13 23:23:45.049 +07 [16484] РћРЁРР‘РљРђ:  С‚РµРєСѓС‰Р°СЏ С‚СЂР°РЅР·Р°РєС†РёСЏ РїСЂРµСЂРІР°РЅР°, РєРѕРјР°РЅРґС‹ РґРѕ РєРѕРЅС†Р° Р±Р»РѕРєР° С‚СЂР°РЅР·Р°РєС†РёРё РёРіРЅРѕСЂРёСЂСѓСЋС‚СЃСЏ
2023-03-13 23:23:45.049 +07 [16484] РћРџР•Р РђРўРћР :  BEGIN;
	
	DROP TABLE IF EXISTS genre;
	DROP TABLE IF EXISTS performer;
	DROP TABLE IF EXISTS genre_performer;
	DROP TABLE IF EXISTS album;
	DROP TABLE IF EXISTS performer_album;
	DROP TABLE IF EXISTS track_list;
	DROP TABLE IF EXISTS collection;
	DROP TABLE IF EXISTS collection_track_list;
	
	CREATE TABLE genre
	(
		genre_id serial PRIMARY KEY,
		title_genre varchar(64) NOT NULL
	);
	
	CREATE TABLE performer
	(
		performer_id serial PRIMARY KEY,
		name text NOT NULL
	);
	
	CREATE TABLE genre_performer
	(
		genre_id int REFERENCES genre(genre_id),
		performer_id int REFERENCES performer(performer_id),
		
		CONSTRAINT genre_performer_pkey PRIMARY KEY (genre_id, performer_id)
	);
	
	CREATE TABLE album
	(
		album_id serial PRIMARY KEY,
		title_album varchar(64) NOT NULL,
		year_of_release int NOT NULL 
	);
	
	CREATE TABLE performer_album
	(
		performer_id int REFERENCES performer(performer_id),
		album_id int REFERENCES album(album_id),
		
		CONSTRAINT performer_album_pkey PRIMARY KEY (performer_id, album_id)
	);
	
	CREATE TABLE track_list
	(
		track_list_id serial PRIMARY KEY,
		title_track text NOT NULL,
		duration int NOT NULL,
		album_id int REFERENCES album(album_id)
	);
	
	CREATE TABLE collection
	(
		collection_id serial PRIMARY KEY,
		collection_title varchar(64) NOT NULL,
		year_of_release int NOT NULL
	);
	
	CREATE TABLE collection_track_list
	(
		collection_id int REFERENCES collection(collection_id),
		track_list_id int REFERENCES track_list(track_list_id),
		
		CONSTRAINT collection_track_list_pkey PRIMARY KEY (collection_id, track_list_id)
	);
	
	COMMIT
	
2023-03-13 23:24:05.590 +07 [16484] РћРЁРР‘РљРђ:  С‚РµРєСѓС‰Р°СЏ С‚СЂР°РЅР·Р°РєС†РёСЏ РїСЂРµСЂРІР°РЅР°, РєРѕРјР°РЅРґС‹ РґРѕ РєРѕРЅС†Р° Р±Р»РѕРєР° С‚СЂР°РЅР·Р°РєС†РёРё РёРіРЅРѕСЂРёСЂСѓСЋС‚СЃСЏ
2023-03-13 23:24:05.590 +07 [16484] РћРџР•Р РђРўРћР :  BEGIN;
	
	DROP TABLE IF EXISTS genre;
	DROP TABLE IF EXISTS performer;
	DROP TABLE IF EXISTS genre_performer;
	DROP TABLE IF EXISTS album;
	DROP TABLE IF EXISTS performer_album;
	DROP TABLE IF EXISTS track_list;
	DROP TABLE IF EXISTS collection;
	DROP TABLE IF EXISTS collection_track_list;
	
	CREATE TABLE genre
	(
		genre_id serial PRIMARY KEY,
		title_genre varchar(64) NOT NULL
	);
	
	CREATE TABLE performer
	(
		performer_id serial PRIMARY KEY,
		name text NOT NULL
	);
	
	CREATE TABLE genre_performer
	(
		genre_id int REFERENCES genre(genre_id),
		performer_id int REFERENCES performer(performer_id),
		
		CONSTRAINT genre_performer_pkey PRIMARY KEY (genre_id, performer_id)
	);
	
	CREATE TABLE album
	(
		album_id serial PRIMARY KEY,
		title_album varchar(64) NOT NULL,
		year_of_release int NOT NULL 
	);
	
	CREATE TABLE performer_album
	(
		performer_id int REFERENCES performer(performer_id),
		album_id int REFERENCES album(album_id),
		
		CONSTRAINT performer_album_pkey PRIMARY KEY (performer_id, album_id)
	);
	
	CREATE TABLE track_list
	(
		track_list_id serial PRIMARY KEY,
		title_track text NOT NULL,
		duration int NOT NULL,
		album_id int REFERENCES album(album_id)
	);
	
	CREATE TABLE collection
	(
		collection_id serial PRIMARY KEY,
		collection_title varchar(64) NOT NULL,
		year_of_release int NOT NULL
	);
	
	CREATE TABLE collection_track_list
	(
		collection_id int REFERENCES collection(collection_id),
		track_list_id int REFERENCES track_list(track_list_id),
		
		CONSTRAINT collection_track_list_pkey PRIMARY KEY (collection_id, track_list_id)
	);
	
	COMMIT
	
2023-03-13 23:24:15.436 +07 [16484] РћРЁРР‘РљРђ:  С‚РµРєСѓС‰Р°СЏ С‚СЂР°РЅР·Р°РєС†РёСЏ РїСЂРµСЂРІР°РЅР°, РєРѕРјР°РЅРґС‹ РґРѕ РєРѕРЅС†Р° Р±Р»РѕРєР° С‚СЂР°РЅР·Р°РєС†РёРё РёРіРЅРѕСЂРёСЂСѓСЋС‚СЃСЏ
2023-03-13 23:24:15.436 +07 [16484] РћРџР•Р РђРўРћР :  DROP TABLE IF EXISTS genre;
	DROP TABLE IF EXISTS performer;
	DROP TABLE IF EXISTS genre_performer;
	DROP TABLE IF EXISTS album;
	DROP TABLE IF EXISTS performer_album;
	DROP TABLE IF EXISTS track_list;
	DROP TABLE IF EXISTS collection;
	DROP TABLE IF EXISTS collection_track_list;
	
	CREATE TABLE genre
	(
		genre_id serial PRIMARY KEY,
		title_genre varchar(64) NOT NULL
	);
	
	CREATE TABLE performer
	(
		performer_id serial PRIMARY KEY,
		name text NOT NULL
	);
	
	CREATE TABLE genre_performer
	(
		genre_id int REFERENCES genre(genre_id),
		performer_id int REFERENCES performer(performer_id),
		
		CONSTRAINT genre_performer_pkey PRIMARY KEY (genre_id, performer_id)
	);
	
	CREATE TABLE album
	(
		album_id serial PRIMARY KEY,
		title_album varchar(64) NOT NULL,
		year_of_release int NOT NULL 
	);
	
	CREATE TABLE performer_album
	(
		performer_id int REFERENCES performer(performer_id),
		album_id int REFERENCES album(album_id),
		
		CONSTRAINT performer_album_pkey PRIMARY KEY (performer_id, album_id)
	);
	
	CREATE TABLE track_list
	(
		track_list_id serial PRIMARY KEY,
		title_track text NOT NULL,
		duration int NOT NULL,
		album_id int REFERENCES album(album_id)
	);
	
	CREATE TABLE collection
	(
		collection_id serial PRIMARY KEY,
		collection_title varchar(64) NOT NULL,
		year_of_release int NOT NULL
	);
	
	CREATE TABLE collection_track_list
	(
		collection_id int REFERENCES collection(collection_id),
		track_list_id int REFERENCES track_list(track_list_id),
		
		CONSTRAINT collection_track_list_pkey PRIMARY KEY (collection_id, track_list_id)
	);
	
	
2023-03-13 23:24:37.315 +07 [6032] СООБЩЕНИЕ:  начата контрольная точка: time
2023-03-13 23:24:44.671 +07 [6032] СООБЩЕНИЕ:  контрольная точка завершена: записано буферов: 62 (0.4%); добавлено файлов WAL 0, удалено: 0, переработано: 0; запись=6.657 сек., синхр.=0.574 сек., всего=7.356 сек.; синхронизировано_файлов=44, самая_долгая_синхр.=0.062 сек., средняя=0.014 сек.; расстояние=216 kB, ожидалось=3104 kB
2023-03-13 23:25:21.569 +07 [16484] РЎРћРћР‘Р©Р•РќРР•:  РЅРµ СѓРґР°Р»РѕСЃСЊ РїРѕР»СѓС‡РёС‚СЊ РґР°РЅРЅС‹Рµ РѕС‚ РєР»РёРµРЅС‚Р°: An existing connection was forcibly closed by the remote host.
	
2023-03-13 23:25:21.569 +07 [15876] РЎРћРћР‘Р©Р•РќРР•:  РЅРµ СѓРґР°Р»РѕСЃСЊ РїРѕР»СѓС‡РёС‚СЊ РґР°РЅРЅС‹Рµ РѕС‚ РєР»РёРµРЅС‚Р°: An existing connection was forcibly closed by the remote host.
	
2023-03-13 23:25:21.569 +07 [5268] РЎРћРћР‘Р©Р•РќРР•:  РЅРµ СѓРґР°Р»РѕСЃСЊ РїРѕР»СѓС‡РёС‚СЊ РґР°РЅРЅС‹Рµ РѕС‚ РєР»РёРµРЅС‚Р°: An existing connection was forcibly closed by the remote host.
	
2023-03-13 23:25:21.569 +07 [20012] РЎРћРћР‘Р©Р•РќРР•:  РЅРµ СѓРґР°Р»РѕСЃСЊ РїРѕР»СѓС‡РёС‚СЊ РґР°РЅРЅС‹Рµ РѕС‚ РєР»РёРµРЅС‚Р°: An existing connection was forcibly closed by the remote host.
	
2023-03-13 23:29:37.681 +07 [6032] СООБЩЕНИЕ:  начата контрольная точка: time
2023-03-13 23:29:46.664 +07 [6032] СООБЩЕНИЕ:  контрольная точка завершена: записано буферов: 71 (0.4%); добавлено файлов WAL 0, удалено: 0, переработано: 0; запись=7.670 сек., синхр.=0.557 сек., всего=8.983 сек.; синхронизировано_файлов=43, самая_долгая_синхр.=0.047 сек., средняя=0.013 сек.; расстояние=305 kB, ожидалось=2824 kB
2023-03-13 23:30:06.855 +07 [16040] РћРЁРР‘РљРђ:  СѓРґР°Р»РёС‚СЊ РѕР±СЉРµРєС‚ С‚Р°Р±Р»РёС†Р° genre РЅРµР»СЊР·СЏ, С‚Р°Рє РєР°Рє РѕС‚ РЅРµРіРѕ Р·Р°РІРёСЃСЏС‚ РґСЂСѓРіРёРµ РѕР±СЉРµРєС‚С‹
2023-03-13 23:30:06.855 +07 [16040] РџРћР”Р РћР‘РќРћРЎРўР:  РѕРіСЂР°РЅРёС‡РµРЅРёРµ genre_performer_genre_id_fkey РІ РѕС‚РЅРѕС€РµРЅРёРё С‚Р°Р±Р»РёС†Р° genre_performer Р·Р°РІРёСЃРёС‚ РѕС‚ РѕР±СЉРµРєС‚Р° С‚Р°Р±Р»РёС†Р° genre
2023-03-13 23:30:06.855 +07 [16040] РџРћР”РЎРљРђР—РљРђ:  Р”Р»СЏ СѓРґР°Р»РµРЅРёСЏ Р·Р°РІРёСЃРёРјС‹С… РѕР±СЉРµРєС‚РѕРІ РёСЃРїРѕР»СЊР·СѓР№С‚Рµ DROP ... CASCADE.
2023-03-13 23:30:06.855 +07 [16040] РћРџР•Р РђРўРћР :  DROP TABLE IF EXISTS genre;
	DROP TABLE IF EXISTS performer;
	DROP TABLE IF EXISTS genre_performer;
	DROP TABLE IF EXISTS album;
	DROP TABLE IF EXISTS performer_album;
	DROP TABLE IF EXISTS track_list;
	DROP TABLE IF EXISTS collection;
	DROP TABLE IF EXISTS collection_track_list;
	
	CREATE TABLE genre
	(
		genre_id serial PRIMARY KEY,
		title_genre varchar(64) NOT NULL
	);
	
	CREATE TABLE performer
	(
		performer_id serial PRIMARY KEY,
		name text NOT NULL
	);
	
	CREATE TABLE genre_performer
	(
		genre_id int REFERENCES genre(genre_id),
		performer_id int REFERENCES performer(performer_id),
		
		CONSTRAINT genre_performer_pkey PRIMARY KEY (genre_id, performer_id)
	);
	
	CREATE TABLE album
	(
		album_id serial PRIMARY KEY,
		title_album varchar(64) NOT NULL,
		year_of_release int NOT NULL 
	);
	
	CREATE TABLE performer_album
	(
		performer_id int REFERENCES performer(performer_id),
		album_id int REFERENCES album(album_id),
		
		CONSTRAINT performer_album_pkey PRIMARY KEY (performer_id, album_id)
	);
	
	CREATE TABLE track_list
	(
		track_list_id serial PRIMARY KEY,
		title_track text NOT NULL,
		duration int NOT NULL,
		album_id int REFERENCES album(album_id)
	);
	
	CREATE TABLE collection
	(
		collection_id serial PRIMARY KEY,
		collection_title varchar(64) NOT NULL,
		year_of_release int NOT NULL
	);
	
	CREATE TABLE collection_track_list
	(
		collection_id int REFERENCES collection(collection_id),
		track_list_id int REFERENCES track_list(track_list_id),
		
		CONSTRAINT collection_track_list_pkey PRIMARY KEY (collection_id, track_list_id)
	);
	
2023-03-13 23:32:44.922 +07 [11140] РЎРћРћР‘Р©Р•РќРР•:  РЅРµ СѓРґР°Р»РѕСЃСЊ РїРѕР»СѓС‡РёС‚СЊ РґР°РЅРЅС‹Рµ РѕС‚ РєР»РёРµРЅС‚Р°: An existing connection was forcibly closed by the remote host.
	
2023-03-13 23:32:44.923 +07 [16040] РЎРћРћР‘Р©Р•РќРР•:  РЅРµ СѓРґР°Р»РѕСЃСЊ РїРѕР»СѓС‡РёС‚СЊ РґР°РЅРЅС‹Рµ РѕС‚ РєР»РёРµРЅС‚Р°: An existing connection was forcibly closed by the remote host.
	
2023-03-13 23:32:44.923 +07 [24108] РЎРћРћР‘Р©Р•РќРР•:  РЅРµ СѓРґР°Р»РѕСЃСЊ РїРѕР»СѓС‡РёС‚СЊ РґР°РЅРЅС‹Рµ РѕС‚ РєР»РёРµРЅС‚Р°: An existing connection was forcibly closed by the remote host.
	
2023-03-13 23:32:44.968 +07 [23336] СООБЩЕНИЕ:  не удалось получить данные от клиента: An existing connection was forcibly closed by the remote host.
	
2023-03-13 23:34:37.679 +07 [6032] СООБЩЕНИЕ:  начата контрольная точка: time
2023-03-13 23:34:50.878 +07 [6032] СООБЩЕНИЕ:  контрольная точка завершена: записано буферов: 98 (0.6%); добавлено файлов WAL 0, удалено: 0, переработано: 0; запись=10.596 сек., синхр.=0.810 сек., всего=13.200 сек.; синхронизировано_файлов=48, самая_долгая_синхр.=0.102 сек., средняя=0.017 сек.; расстояние=542 kB, ожидалось=2595 kB
2023-03-13 23:44:37.889 +07 [6032] СООБЩЕНИЕ:  начата контрольная точка: time
2023-03-13 23:44:40.908 +07 [6032] СООБЩЕНИЕ:  контрольная точка завершена: записано буферов: 21 (0.1%); добавлено файлов WAL 0, удалено: 0, переработано: 0; запись=2.293 сек., синхр.=0.234 сек., всего=3.019 сек.; синхронизировано_файлов=8, самая_долгая_синхр.=0.053 сек., средняя=0.030 сек.; расстояние=45 kB, ожидалось=2340 kB
2023-03-16 20:53:46.818 +07 [6032] СООБЩЕНИЕ:  начата контрольная точка: time
2023-03-16 20:56:25.399 +07 [6032] СООБЩЕНИЕ:  контрольная точка завершена: записано буферов: 1422 (8.7%); добавлено файлов WAL 0, удалено: 0, переработано: 1; запись=154.897 сек., синхр.=3.466 сек., всего=158.582 сек.; синхронизировано_файлов=298, самая_долгая_синхр.=0.097 сек., средняя=0.012 сек.; расстояние=9442 kB, ожидалось=9442 kB
2023-03-16 20:58:46.423 +07 [6032] СООБЩЕНИЕ:  начата контрольная точка: time
2023-03-16 20:58:49.975 +07 [6032] СООБЩЕНИЕ:  контрольная точка завершена: записано буферов: 15 (0.1%); добавлено файлов WAL 0, удалено: 0, переработано: 0; запись=1.643 сек., синхр.=0.140 сек., всего=3.553 сек.; синхронизировано_файлов=4, самая_долгая_синхр.=0.041 сек., средняя=0.035 сек.; расстояние=41 kB, ожидалось=8502 kB
2023-03-18 19:40:39.231 +07 [7100] РћРЁРР‘РљРђ:  РЅРµРІРµСЂРЅС‹Р№ СЃРёРЅС‚Р°РєСЃРёСЃ РґР»СЏ С‚РёРїР° integer: "РџРѕС‚РѕРјСѓС‡С‚Рѕ" (СЃРёРјРІРѕР» 32)
2023-03-18 19:40:39.231 +07 [7100] РћРџР•Р РђРўРћР :  INSERT INTO performer VALUES 
	('РџРѕС‚РѕРјСѓС‡С‚Рѕ'),
	('РљРЅСЏZz'),
	('РђСЂРёСЏ'),
	('Anacondaz'),
	('RADIO TAPOK'),
	('РђРЅРёРјР°С†РёРЇ'),
	('Oxxxymiron'),
	('Р‘Рё-2'),
	('Rammstein'),
	('РљРёРЅРѕ'),
	('Noize MC');
2023-03-18 19:41:47.986 +07 [7100] РћРЁРР‘РљРђ:  СЃРїРёСЃРєРё VALUES РґРѕР»Р¶РЅС‹ РёРјРµС‚СЊ РѕРґРёРЅР°РєРѕРІСѓСЋ РґР»РёРЅСѓ (СЃРёРјРІРѕР» 50)
2023-03-18 19:41:47.986 +07 [7100] РћРџР•Р РђРўРћР :  INSERT INTO performer VALUES 
	(1, 'РџРѕС‚РѕРјСѓС‡С‚Рѕ'),
	('РљРЅСЏZz'),
	('РђСЂРёСЏ'),
	('Anacondaz'),
	('RADIO TAPOK'),
	('РђРЅРёРјР°С†РёРЇ'),
	('Oxxxymiron'),
	('Р‘Рё-2'),
	('Rammstein'),
	('РљРёРЅРѕ'),
	('Noize MC');
2023-03-18 19:42:12.168 +07 [7100] РћРЁРР‘РљРђ:  РѕС€РёР±РєР° СЃРёРЅС‚Р°РєСЃРёСЃР° (РїСЂРёРјРµСЂРЅРѕРµ РїРѕР»РѕР¶РµРЅРёРµ: ",") (СЃРёРјРІРѕР» 50)
2023-03-18 19:42:12.168 +07 [7100] РћРџР•Р РђРўРћР :  INSERT INTO performer VALUES 
	(1, 'РџРѕС‚РѕРјСѓС‡С‚Рѕ'),
	(, 'РљРЅСЏZz'),
	(, 'РђСЂРёСЏ'),
	(, 'Anacondaz'),
	(, 'RADIO TAPOK'),
	(, 'РђРЅРёРјР°С†РёРЇ'),
	(, 'Oxxxymiron'),
	(, 'Р‘Рё-2'),
	(, 'Rammstein'),
	(, 'РљРёРЅРѕ'),
	(, 'Noize MC');
2023-03-18 19:43:59.532 +07 [6032] СООБЩЕНИЕ:  начата контрольная точка: time
2023-03-18 19:44:02.203 +07 [6032] СООБЩЕНИЕ:  контрольная точка завершена: записано буферов: 8 (0.0%); добавлено файлов WAL 0, удалено: 0, переработано: 0; запись=0.764 сек., синхр.=0.134 сек., всего=2.671 сек.; синхронизировано_файлов=5, самая_долгая_синхр.=0.048 сек., средняя=0.027 сек.; расстояние=1 kB, ожидалось=7652 kB
2023-03-18 19:52:26.433 +07 [7100] РћРЁРР‘РљРђ:  РѕС€РёР±РєР° СЃРёРЅС‚Р°РєСЃРёСЃР° РІ РєРѕРЅС†Рµ (СЃРёРјРІРѕР» 84)
2023-03-18 19:52:26.433 +07 [7100] РћРџР•Р РђРўРћР :  INSERT INTO genre VALUES
		   ('Р СѓСЃСЃРєРёР№ СЂРѕРє'),
		   ('РџРѕСЃС‚-РіСЂР°РЅР¶'),
		   ('РџР°РЅРє-СЂРѕРє'),
2023-03-18 19:52:41.926 +07 [7100] РћРЁРР‘РљРђ:  РЅРµРІРµСЂРЅС‹Р№ СЃРёРЅС‚Р°РєСЃРёСЃ РґР»СЏ С‚РёРїР° integer: "Р СѓСЃСЃРєРёР№ СЂРѕРє" (СЃРёРјРІРѕР» 31)
2023-03-18 19:52:41.926 +07 [7100] РћРџР•Р РђРўРћР :  INSERT INTO genre VALUES
		   ('Р СѓСЃСЃРєРёР№ СЂРѕРє'),
		   ('РџРѕСЃС‚-РіСЂР°РЅР¶'),
		   ('РџР°РЅРє-СЂРѕРє')
2023-03-18 19:53:45.942 +07 [7100] РћРЁРР‘РљРђ:  РЅРµРІРµСЂРЅС‹Р№ СЃРёРЅС‚Р°РєСЃРёСЃ РґР»СЏ С‚РёРїР° integer: "Р СѓСЃСЃРєРёР№ СЂРѕРє" (СЃРёРјРІРѕР» 31)
2023-03-18 19:53:45.942 +07 [7100] РћРџР•Р РђРўРћР :  INSERT INTO genre VALUES
		   ('Р СѓСЃСЃРєРёР№ СЂРѕРє'),
		   ('РџРѕСЃС‚-РіСЂР°РЅР¶'),
		   ('РџР°РЅРє-СЂРѕРє')
2023-03-18 19:53:59.230 +07 [6032] СООБЩЕНИЕ:  начата контрольная точка: time
2023-03-18 19:54:00.762 +07 [7100] РћРЁРР‘РљРђ:  РЅРµРІРµСЂРЅС‹Р№ СЃРёРЅС‚Р°РєСЃРёСЃ РґР»СЏ С‚РёРїР° integer: "Р СѓСЃСЃРєРёР№ СЂРѕРє" (СЃРёРјРІРѕР» 32)
2023-03-18 19:54:00.762 +07 [7100] РћРџР•Р РђРўРћР :  INSERT INTO genre VALUES
		   ( 'Р СѓСЃСЃРєРёР№ СЂРѕРє'),
		   ( 'РџРѕСЃС‚-РіСЂР°РЅР¶'),
		   ( 'РџР°РЅРє-СЂРѕРє')
2023-03-18 19:54:09.805 +07 [6032] СООБЩЕНИЕ:  контрольная точка завершена: записано буферов: 91 (0.6%); добавлено файлов WAL 0, удалено: 0, переработано: 0; запись=9.832 сек., синхр.=0.625 сек., всего=10.575 сек.; синхронизировано_файлов=45, самая_долгая_синхр.=0.054 сек., средняя=0.014 сек.; расстояние=527 kB, ожидалось=6940 kB
2023-03-18 19:54:17.260 +07 [7100] РћРЁРР‘РљРђ:  СЃРїРёСЃРєРё VALUES РґРѕР»Р¶РЅС‹ РёРјРµС‚СЊ РѕРґРёРЅР°РєРѕРІСѓСЋ РґР»РёРЅСѓ (СЃРёРјРІРѕР» 57)
2023-03-18 19:54:17.260 +07 [7100] РћРџР•Р РђРўРћР :  
	INSERT INTO genre VALUES
		   (1, 'Р СѓСЃСЃРєРёР№ СЂРѕРє'),
		   ( 'РџРѕСЃС‚-РіСЂР°РЅР¶'),
		   ( 'РџР°РЅРє-СЂРѕРє')
2023-03-18 19:58:59.811 +07 [6032] СООБЩЕНИЕ:  начата контрольная точка: time
2023-03-18 19:59:11.934 +07 [6032] СООБЩЕНИЕ:  контрольная точка завершена: записано буферов: 106 (0.6%); добавлено файлов WAL 0, удалено: 0, переработано: 0; запись=11.441 сек., синхр.=0.601 сек., всего=12.123 сек.; синхронизировано_файлов=45, самая_долгая_синхр.=0.034 сек., средняя=0.014 сек.; расстояние=640 kB, ожидалось=6310 kB
2023-03-18 20:08:59.948 +07 [6032] СООБЩЕНИЕ:  начата контрольная точка: time
2023-03-18 20:09:00.584 +07 [6032] СООБЩЕНИЕ:  контрольная точка завершена: записано буферов: 5 (0.0%); добавлено файлов WAL 0, удалено: 0, переработано: 0; запись=0.438 сек., синхр.=0.089 сек., всего=0.637 сек.; синхронизировано_файлов=4, самая_долгая_синхр.=0.033 сек., средняя=0.023 сек.; расстояние=2 kB, ожидалось=5679 kB
2023-03-18 20:12:43.464 +07 [21268] РћРЁРР‘РљРђ:  INSERT РёР»Рё UPDATE РІ С‚Р°Р±Р»РёС†Рµ "track_list" РЅР°СЂСѓС€Р°РµС‚ РѕРіСЂР°РЅРёС‡РµРЅРёРµ РІРЅРµС€РЅРµРіРѕ РєР»СЋС‡Р° "track_list_album_id_fkey"
2023-03-18 20:12:43.464 +07 [21268] РџРћР”Р РћР‘РќРћРЎРўР:  РљР»СЋС‡ (album_id)=(1) РѕС‚СЃСѓС‚СЃС‚РІСѓРµС‚ РІ С‚Р°Р±Р»РёС†Рµ "album".
2023-03-18 20:12:43.464 +07 [21268] РћРџР•Р РђРўРћР :  INSERT INTO track_list(title_track, duration, album_id) VALUES
		   ('Р›Р°Р±СѓРґРё', 124, '1')
2023-03-18 20:13:59.597 +07 [6032] СООБЩЕНИЕ:  начата контрольная точка: time
2023-03-18 20:14:00.299 +07 [6032] СООБЩЕНИЕ:  контрольная точка завершена: записано буферов: 6 (0.0%); добавлено файлов WAL 0, удалено: 0, переработано: 0; запись=0.541 сек., синхр.=0.078 сек., всего=0.702 сек.; синхронизировано_файлов=5, самая_долгая_синхр.=0.033 сек., средняя=0.016 сек.; расстояние=0 kB, ожидалось=5111 kB
2023-03-18 20:14:41.514 +07 [21268] РћРЁРР‘РљРђ:  РѕС€РёР±РєР° СЃРёРЅС‚Р°РєСЃРёСЃР° (РїСЂРёРјРµСЂРЅРѕРµ РїРѕР»РѕР¶РµРЅРёРµ: "INSERT") (СЃРёРјРІРѕР» 75)
2023-03-18 20:14:41.514 +07 [21268] РћРџР•Р РђРўРћР :  INSERT INTO album(title_album, year_of_release) VALUES
		   ('LKJ', 2018)
	
	INSERT INTO track_list(title_track, duration, album_id) VALUES
		   ('Р›Р°Р±СѓРґРё', 124, '1')
2023-03-18 20:18:59.305 +07 [6032] СООБЩЕНИЕ:  начата контрольная точка: time
2023-03-18 20:19:10.300 +07 [6032] СООБЩЕНИЕ:  контрольная точка завершена: записано буферов: 80 (0.5%); добавлено файлов WAL 0, удалено: 0, переработано: 0; запись=8.639 сек., синхр.=0.558 сек., всего=10.996 сек.; синхронизировано_файлов=47, самая_долгая_синхр.=0.048 сек., средняя=0.012 сек.; расстояние=451 kB, ожидалось=4645 kB
2023-03-18 22:42:17.445 +07 [7100] РћРЁРР‘РљРђ:  РѕС€РёР±РєР° СЃРёРЅС‚Р°РєСЃРёСЃР° (РїСЂРёРјРµСЂРЅРѕРµ РїРѕР»РѕР¶РµРЅРёРµ: "(") (СЃРёРјРІРѕР» 1109)
2023-03-18 22:42:17.445 +07 [7100] РћРџР•Р РђРўРћР :  INSERT INTO performer(name) VALUES 
		   ('РџРѕС‚РѕРјСѓС‡С‚Рѕ'),
		   ('РљРЅСЏZz'),
		   ('РђСЂРёСЏ'),
		   ('Anacondaz'),
		   ('RADIO TAPOK'),
		   ('РђРЅРёРјР°С†РёРЇ'),
		   ('Oxxxymiron'),
		   ('Р‘Рё-2'),
		   ('Rammstein'),
		   ('РљРёРЅРѕ'),
		   ('Noize MC');
	
	INSERT INTO genre(title_genre) VALUES
		   ('Р СѓСЃСЃРєРёР№ СЂРѕРє'),
		   ('РџРѕСЃС‚-РіСЂР°РЅР¶'),
		   ('РџР°РЅРє-СЂРѕРє'),
		   ('РҐР°СЂРґ-СЂРѕРє'),
		   ('Р СЌРї-СЂРѕРє'),
		   ('РђР»СЊС‚РµСЂРЅР°С‚РёРІРЅС‹Р№ СЂРѕРє'),
		   ('РџРѕРї-РїР°РЅРє'),
		   ('РђР»СЊС‚РµСЂРЅР°С‚РёРІРЅС‹Р№ С…РёРї-С…РѕРї'),
		   ('Р РѕРє'),
		   ('Р РµРї'),
		   ('РџРѕСЃС‚-РїР°РЅРє'),
		   ('РџРѕРї-СЂРѕРє'),
		   ('РРЅРґР°СЃС‚СЂРёР°Р»-РјРµС‚Р°Р»'),
		   ('Р“РѕС‚РёРє-РјРµС‚Р°Р»');
		   
	INSERT INTO album(title_album, year_of_release) VALUES
		   ('Р–РёР·РЅСЊ Рё СЃРјРµСЂС‚СЊ', 2021),
		   ('РџСѓСЃС‚РѕС‚Р°', 2019),
		   ('РњР°РіРёСЏ РєР°Р»РёРѕСЃС‚СЂРѕ', 2019),
		   ('РџСЂРµРґРІРµСЃС‚РЅРёРє', 2020),
		   ('РЁС‚РёР»СЊ', 2002),
		   ('Р“РµРЅРµСЂР°С‚РѕСЂ Р·Р»Р°', 1998),
		   ('Р’С‹С…РѕРґРё Р·Р° РјРµРЅСЏ', 2017),
		   ('РЇ С‚РµР±СЏ РЅРёРєРѕРіРґР°', 2018),
		   ('РќР°СЃР»РµРґРёРµ', 2022),
		   ('РџСЂРѕРґР°РЅРѕ РЅРµ РІСЃС‘', 2013),
		   ('Р’Рѕ', 2019),
		   ('РљСЂР°СЃРѕС‚Р° Рё РЈСЂРѕРґСЃС‚РІРѕ', 2021),
		   ('Р“РѕСЂРіРѕСЂРѕРґ', 2015),
		   ('Р“РѕСЂРёР·РѕРЅС‚ СЃРѕР±С‹С‚РёР№', 2017),
		   ('РњСЏСѓ РљРёСЃСЃ РњРё', 2001),
		   ('Mutter', 2001),
		   ('Reise, Reise', 2004),
		   ('Р—РІРµР·РґР° РїРѕ РёРјРµРЅРё СЃРѕР»РЅС†Рµ', 1989)
		   ('Р“СЂСѓРїРїР° РєСЂРѕРІРё', 1988),
		   ('Р’С‹С…РѕРґ РІ РіРѕСЂРѕРґ', 2021),
		   ('Р¦Р°СЂСЊ РіРѕСЂС‹', 2016);
		   
	INSERT INTO track_list(title_track, duration, album_id) VALUES
		   ('Р–РёР·РЅСЊ Рё РЎРјРµСЂС‚СЊ', 254, 1),
		   ('РџСЃРёС…РѕС‚РµСЂР°РїРµРІС‚С‹', 214, 1),
		   ('РќР°РєР°Р·Р°РЅРёРµ', 194, 1),
		   ('Р§РµС‚С‹СЂРµ РїСЂРёРІРёРґРµРЅРёСЏ', 225, 1),
		   ('Р”СѓС€Р°', 225, 1),
		   ('Р’РѕС‚, С‡С‚Рѕ СЏ Р±С‹ С…РѕС‚РµР»', 254, 1),
		   ('РђРІС‚РѕР±СѓСЃ', 229, 1),
		   ('РЇ РµРґСѓ РґРѕРјРѕР№', 195, 1),
		   ('РўСЂРё Р”СѓС…Р°', 221, 1),
		   ('РҐСЂР°РЅРёС‚РµР»СЊ', 308, 1),
		   ('Р›СЏ-Р»СЏ', 189, 1),
		   ('Р‘СЂРѕРґСЏРіР°', 208, 1),
		   ('РќРёС‡РµРіРѕ РЅРµ РѕСЃС‚Р°РЅРµС‚СЃСЏ', 206, 2),
		   ('Р§РµСЂРµР· СЃС‚Рѕ Р»РµС‚', 212, 2),
		   ('Р”Р°РІР°Р№ СЃ РЅР°РјРё', 216, 2),
		   ('Р С‡Рѕ', 223, 2),
		   ('РђР»РєРѕРіРѕР»СЊ Р·РґСЂР°РІСЃС‚РІСѓР№', 203, 2),
		   ('РџРѕ РёРґРµРµ С‚Р°РєРёРµ РєР°Рє С‚С‹', 166, 2),
		   ('РЎ РґРЅС‘Рј СЂРѕР¶РґРµРЅРёСЏ', 202, 2),
		   ('РќР°Рј Р¶РёРІС‹С… РїСѓРіР°С‚СЊ РЅРµР»СЊР·СЏ', 254, 2),
		   ('РњРµРЅСЏ РЅРёРєС‚Рѕ РЅРµ РІРёРґРёС‚', 220, 2),
		   ('РћР±РѕСЂРѕС‚РЅРё', 209, 2),
		   ('Р•СЃР»Рё Р·Р°РІРµР»Р°СЃСЊ РїРѕРґСЂСѓРіР°', 220, 2),
		   ('РџСЏС‚СЊ РјРёРЅСѓС‚', 196, 2),
		   ('РЎСЌСЂ РЈРёР»СЊСЏРј (РџСЂРѕР»РѕРі)', 81, 3),
		   ('Р§РµСЂРЅРѕРєРЅРёР¶РЅРёРє', 178, 3),
		   ('Р”РѕРј РњР°РЅРµРєРµРЅРѕРІ', 193, 3),
		   ('Р“СЂР°С„ РљР°Р»РёРѕСЃС‚СЂРѕ', 225, 3),
		   ('РњСѓС€РєРµС‚С‘СЂС‹', 168, 3),
		   ('Р’РёСЂСѓСЃ', 226, 3),
		   ('Р‘РµРґРЅС‹Р№ Р™РѕСЂРёРє', 212, 3),
		   ('Р‘Р°СЃС‚Р°СЂРґ', 283, 3),
		   ('Р’РёРґРµР» Р’РёСЏ - Р’РѕС‚ РўРµ РљСЂРµСЃС‚', 246, 3),
		   ('РўС‘РјРЅС‹Рµ', 228, 3),
		   ('Р—Р°Р·РµСЂРєР°Р»СЊРµ', 229, 3),
		   ('РџРёСЂ Р’ Р—Р°РјРєРµ Р’СЂР°РіР°', 239, 3),
		   ('Р СѓСЃСЃРєРёР№ Р”СѓС…', 239, 3),
		   ('Р‘РѕР»СЊ', 279, 3),
		   ('Р”Р¶РѕРєРµСЂ-РќР°С‡Р°Р»Рѕ', 95, 4),
		   ('Р”Р¶РѕРєРµСЂ-РљР°СЂС‚Р° РЎСѓРґСЊР±С‹', 235, 4),
		   ('РџР°СЃСЃР°Р¶РёСЂ', 246, 4),
		   ('РњРµС‡С‚Р° Р‘РµР·СѓРјС†Р° (РџСЂРѕР»РѕРі)', 32, 4),
		   ('РџРѕСЂС‚РЅРѕР№', 216, 4),
		   ('РљСЂР°С… РќР°РґРµР¶Рґ (РџСЂРѕР»РѕРі)', 27, 4),
		   ('РљСѓРєР»РѕРІРѕРґ', 215, 4),
		   ('РћС‚РІРµС‚ РР· РџСЂРµРёСЃРїРѕРґРЅРµР№ (РџСЂРѕР»РѕРі)', 33, 4),
		   ('РЁРѕСѓ Р¤СЂРёРєРѕРІ', 237, 4),
		   ('Р’РѕР»С‡РёС†Р°', 268, 4),
		   ('Р”РµР¶Р°РІСЋ', 231, 4),
		   ('РњРѕР»РІР° Рћ Р’СѓСЂРґР°Р»Р°РєРµ (РџСЂРѕР»РѕРі)', 81, 4),
		   ('Р‘Р°СЂРёРЅ Р Р’СѓСЂРґР°Р»Р°Рє', 197, 4),
		   ('РџСЊСЏРЅРёС†Р° (РџСЂРѕР»РѕРі)', 32, 4),
		   ('РџСЂРѕРєР»СЏС‚РёРµ РљРѕР»РґСѓРЅР°', 217, 4),
		   ('РњРѕР»РІР° Рћ Р§С‘СЂС‚Рµ (РџСЂРѕР»РѕРі)', 73, 4),
		   ('Р’СЂР°Рі Р’ РњРѕРµР№ РР·Р±Рµ (РџСЂРѕР»РѕРі)', 33, 4),
		   ('Р Р°Р·РґРѕР»СЊРµ', 209, 4),
		   ('Р РѕРјР°РЅСЃ', 252, 4),
		   ('РџСЂРµРґРІРµСЃС‚РЅРёРє', 307, 4),
		   ('Р Р°Р±РѕС‚СЏРіР°', 203, 4),
		   ('Р”РѕРј РќРµС‡РёСЃС‚Рё', 258, 4),
		   ('Р”РµСЂРµРІРµРЅСЃРєРёРµ Р РµР±СЏС‚Р°', 135, 4),
		   ('РўР°РєРёС…, РљР°Рє РўС‹, РњРёСЂ РќР°С€ РќРµ Р—РЅР°Р»', 251, 4),
		   ('РЁС‚РёР»СЊ', 311, 5),
		   ('РќРµР±Рѕ РўРµР±СЏ РќР°Р№РґС‘С‚', 364, 5),
		   ('РђРЅРіРµР»СЊСЃРєР°СЏ РџС‹Р»СЊ', 360, 5),
		   ('Р“РµСЂРѕР№ РђСЃС„Р°Р»СЊС‚Р°', 315, 5),
		   ('РџРѕС‚РµСЂСЏРЅРЅС‹Р№ Р Р°Р№', 335, 5),
		   ('You"d Better Believe Me', 240, 5),
		   ('РњР°С€РёРЅР° РЎРјРµСЂС‚Рё', 234, 5),
		   ('Р”Р°Р№ Р СѓРєСѓ РњРЅРµ', 305, 5),
		   ('РЎРјРѕС‚СЂРё!', 268, 6),
		   ('Р“СЂСЏР·СЊ', 283, 6),
		   ('Р”РµР·РµСЂС‚РёСЂ', 389, 6),
		   ('РџС‹С‚РєР° С‚РёС€РёРЅРѕР№', 352, 6),
		   ('Р‘РµРіРё Р·Р° СЃРѕР»РЅС†РµРј', 371, 6),
		   ('РћР±РјР°РЅ', 317, 6),
		   ('РћС‚С€РµР»СЊРЅРёРє', 337, 6),
		   ('Р—Р°РєР°С‚', 290, 6),
		   ('Р”СЊСЏРІРѕР»СЊСЃРєРёР№ Р·РЅРѕР№', 293, 6),
		   ('Р—Р°РјРєРЅСѓС‚С‹Р№ РєСЂСѓРі', 408, 6),
		   ('РЎРїР°СЃРё, РЅРѕ РЅРµ СЃРѕС…СЂР°РЅСЏР№', 187, 7),
		   ('Р§РµРіРѕ СЂР°РґРё', 215, 7),
		   ('РЎРјРѕС‚СЂРё РЅР° РјРµРЅСЏ', 206, 7),
		   ('Р РѕРєСЃС‚Р°СЂ', 198, 7),
		   ('Р‘Р”РЎРњ', 225, 7),
		   ('РђРЅРіРµР»', 188, 7),
		   ('РќРµРЅР°РІРёР¶Сѓ', 215, 7),
		   ('РҐР°РѕСЃ', 160, 7),
		   ('РќРµСЃРєРѕР»СЊРєРѕ РґСЂСѓР·РµР№', 242, 7),
		   ('РЎРєРѕСЂР°СЏ РїРѕРјРѕС‰СЊ', 182, 7),
		   ('Р’Рѕ С‡С‚Рѕ Р±С‹ С‚Рѕ РЅРё СЃС‚Р°Р»Рѕ', 228, 7),
		   ('РџРѕРµР·РґР°', 198, 7),
		   ('РќРё РєР°РїР»Рё РЅРµ Р±РѕР»СЊРЅРѕ', 243, 8),
		   ('Р”СѓР±Р°Рє', 175, 8),
		   ('РўРІРѕРµРјСѓ РЅРѕРІРѕРјСѓ РїР°СЂРЅСЋ', 234, 8),
		   ('РќР°С…СѓР№ С‚РµР±СЏ Рё С‚РІРѕРёС… РґСЂСѓР·РµР№', 203, 8),
		   ('Р’РѕСЃРїРѕРјРёРЅР°РЅРёСЏ Рѕ С‚РµР±Рµ', 251, 8),
		   ('РўС‹ Р·РЅР°РµС€СЊ, РєС‚Рѕ РѕРЅ', 225, 8),
		   ('Р”СЂР°РјР°', 171, 8),
		   ('Р‘РµСЃСЃРѕРЅРЅРёС†Р°', 251, 8),
		   ('РќРµ РєСѓСЂСЋ', 236, 8),
		   ('РљР°Р±РµСЂРЅРµ', 210, 8),
		   ('Р”РІРѕРµ', 233, 8),
		   ('Р¦СѓСЃРёРјР°', 289, 9),
		   ('Р’С‹СЃРѕС‚Р° 776', 183, 9),
		   ('Р–РёР·РЅСЊ Р·Р° С†Р°СЂСЏ', 218, 9),
		   ('РћРїРµСЂР°С†РёСЏ "CРѕСЋР·РЅР°СЏ СЃРёР»Р°"', 215, 9),
		   ('Р‘РёС‚РІР° Р—Р° РњРѕСЃРєРІСѓ', 242, 9),
		   ('РџРµСЃРЅСЊ РїСѓСЃС‚С‹РЅРё', 218, 9),
		   ('Р§РµСЂРЅС‹Р№ РѕРєС‚СЏР±СЂСЊ', 217, 9),
		   ('РҐР°Р»С…РёРЅ - Р“РѕР»', 275, 9),
		   ('РњСЏСЃРЅРѕР№ Р±РѕСЂ', 355, 9),
		   ('РџСЃРёС…', 234, 10),
		   ('РЎРїРёС‡РєРё', 163, 10),
		   ('Р•СЃР»Рё РІРѕР№РЅР°', 251, 10),
		   ('Р’Р°РЅСЊРєР°', 158, 10),
		   ('Р§РµСЂС‚Р°', 151, 10),
		   ('Р РѕРґРёРЅР°', 171, 10),
		   ('Р’СЃРµ РїСЂРѕСЃС‚РёС‚СЃСЏ', 225, 10),
		   ('Р”РЅРµРІРЅРёРє', 220, 10),
		   ('РўРѕС‡РєР° РѕС‚СЃС‡С‘С‚Р°', 183, 10),
		   ('РџРёС‚РµСЂСЃРєР°СЏ', 182, 10),
		   ('РџСЂРµР»РµСЃС‚СЊ', 277, 10),
		   ('РҐРѕР»РѕРґРёР»СЊРЅРёРє', 198, 10),
		   ('Р§Р°Р№', 250, 10),
		   ('Р СѓСЃСЃРєР°СЏ (Р±РѕРЅСѓСЃ)', 173, 10),
		   ('РљСЂР°СЃРёРІРѕ', 275, 11),
		   ('Р‘РµР»Р°СЏ Р±РµСЂС‘Р·Р°', 230, 11),
		   ('Р“РѕР»Р°СЏ Р·РёРјР°', 204, 11),
		   ('РЈС‚РѕРїР°РµРј', 240, 11),
		   ('РљРІРµСЃС‚С‹', 203, 11),
		   ('Р РѕРјР°РЅ (РђР»СЊР±РѕРјРЅР°СЏ РІРµСЂСЃРёСЏ)', 232, 11),
		   ('Р’Рћ!', 247, 11),
		   ('РњР°Р№СЃРєР°СЏ', 215, 11),
		   ('РҐСЌРїРїРё-СЌРЅРґ (РђР»СЊР±РѕРјРЅР°СЏ РІРµСЂСЃРёСЏ)', 220, 11),
		   ('РљРѕР»С‹Р±РµР»СЊРЅР°СЏ', 254, 11),
		   ('Р¤РёРЅРёС€', 48, 11),
		   ('РҐРѕРї-РјРµС…Р°РЅРёРєР°', 138, 12),
		   ('РђРіРµРЅС‚', 215, 12),
		   ('РљСЂР°СЃРѕС‚Р° Рё РЈСЂРѕРґСЃС‚РІРѕ', 159, 12),
		   ('РќРѕРЅ-С„РёРєС€РЅ', 215, 12),
		   ('Р Р°С€РЅ Р РѕСѓРґ Р РµР№РґР¶', 158, 12),
		   ('РњС‹ РІСЃРµ СѓРјСЂРµРј', 166, 12),
		   ('Р§СѓРІСЃС‚РІСѓСЋ', 215, 12),
		   ('РћРєРЅРѕ РІ РџР°СЂРёР¶', 194, 12),
		   ('РџР°СЂС‚РёР·Р°РЅСЃРєРѕРµ СЂР°РґРёРѕ', 166, 12),
		   ('РќРµРїСЂРѕР¶РёС‚Р°СЏ Р¶РёР·РЅСЊ', 235, 12),
		   ('РџСЂР°Р·РґРЅСѓР№', 296, 12),
		   ('РќР°РјРµС€Р°РЅРѕ', 231, 12),
		   ('Р­СЃРїСЂРµСЃСЃРѕ РўРѕРЅРёРє', 115, 12),
		   ('РџР°РЅС‚РµР»Р»РµСЂРёСЏ', 173, 12),
		   ('Р›РёС„С‚', 275, 12),
		   ('Р“СЂСЏР·СЊ', 212, 12),
		   ('РЈР»РµС‚', 151, 12),
		   ('Р­РјРёРЅРµРј', 169, 12),
		   ('Р РµС†РµРЅР·РёСЏ', 68, 12),
		   ('РђС„СЂРёРєР°РЅСЃРєРёРµ Р±СѓСЃС‹', 147, 12),
		   ('РўРµРЅСЊ', 184, 12),
		   ('Р”СЂРµР№РґР»', 146, 12),
		   ('РќРµ СЃ РЅР°С‡Р°Р»Р°', 125, 13),
		   ('РљРµРј С‚С‹ СЃС‚Р°Р»', 236, 13),
		   ('Р’СЃРµРіРѕ Р»РёС€СЊ РїРёСЃР°С‚РµР»СЊ', 209, 13),
		   ('Р”РµРІРѕС‡РєР° РџРёР·РґРµС†', 163, 13),
		   ('РџРµСЂРµРїР»РµС‚РµРЅРѕ', 291, 13),
		   ('РљРѕР»С‹Р±РµР»СЊРЅР°СЏ', 197, 13),
		   ('РџРѕР»РёРіРѕРЅ', 220, 13),
		   ('РќР°РєР°РЅСѓРЅРµ', 221, 13),
		   ('РЎР»РѕРІРѕ РјСЌСЂР°', 240, 13),
		   ('Р‘Р°С€РЅСЏ РёР· СЃР»РѕРЅРѕРІРѕР№ РєРѕСЃС‚Рё', 204, 13),
		   ('Р“РґРµ РЅР°СЃ РЅРµС‚', 265, 13),
		   ('Р›С‘С‚С‡РёРє', 351, 14),
		   ('Р§С‘СЂРЅРѕРµ СЃРѕР»РЅС†Рµ', 289, 14),
		   ('РўРµРјР° РІРµРєР°', 218, 14),
		   ('Р”РµС‚СЃС‚РІРѕ', 194, 14),
		   ('Р¤РёР»РѕСЃРѕС„СЃРєРёР№ РєР°РјРµРЅСЊ', 286, 14),
		   ('Р›Р°Р№РєРё', 211, 14),
		   ('Р’РёСЃРєРё', 197, 14),
		   ('РџРѕСЂР° РІРѕР·РІСЂР°С‰Р°С‚СЊСЃСЏ РґРѕРјРѕР№', 288, 14),
		   ('РџРѕС„РёРіСѓ', 201, 14),
		   ('РђР»РёСЃР° (РџР°РјСЏС‚Рё Рђ. Р РѕС‚Р°РЅСЏ)', 221, 14),
		   ('Р РѕРґРёРЅР°', 326, 14),
		   ('РҐР°Р»РёР“Р°Р»РёРљСЂРёС€РЅР°', 246, 14),
		   ('РҐРѕСЂРѕРІРѕРґРЅР°СЏ', 244, 14),
		   ('РРЅР°С‡Рµ', 247, 14),
		   ('Р”РµР±СЋС‚', 368, 14),
		   ('РџС‚РёС†Р° РЅР° РїРѕРґРѕРєРѕРЅРЅРёРєРµ', 326, 14),
		   ('РњСЏСѓ РљРёСЃСЃ РњРё', 230, 15),
		   ('РњРѕСЏ Р›СЋР±РѕРІСЊ', 296, 15),
		   ('Р—Р°Р¶РёРіР°С‚СЊ', 321, 15),
		   ('РЃР»РѕС‡РЅС‹Р№ СЃРѕРє', 237, 15),
		   ('РњРѕР№ СЂРѕРє-РЅ-СЂРѕР»Р»', 405, 15),
		   ('РЁРµСЂ', 202, 15),
		   ('РЎРѕРєРѕР»', 389, 15),
		   ('РќРµРґРѕС‚СЂРѕРіР°', 283, 15),
		   ('РЎ С‚РѕР±РѕР№', 238, 15),
		   ('Р•С‰С‘ РЅРµ РІРµС‡РµСЂ', 271, 15),
		   ('Р’РѕР»РєРё', 329, 15),
		   ('РџРѕСЃР»РµРґРЅРёР№ РіРµСЂРѕР№ (РѕСЃС‚Р°С‚СЊСЃСЏ РІ Р¶РёРІС‹С…)', 232, 15),
		   ('Mein Herz brennt', 279, 16),
		   ('Links 2 3 4', 216, 16),
		   ('Sonne', 272, 16),
		   ('Ich will', 217, 16),
		   ('Feuer frei!', 189, 16),
		   ('Mutter', 268, 16),
		   ('Spieluhr', 286, 16),
		   ('Zwitter', 257, 16),
		   ('Rein raus', 190, 16),
		   ('Adios', 228, 16),
		   ('Nebel', 294, 16),
		   ('Reise, Reise', 251, 17),
		   ('Mein Teil Album Version', 272, 17),
		   ('Dalai Lama', 339, 17),
		   ('Keine Lust', 227, 17),
		   ('Los', 264, 17),
		   ('Amerika', 227, 17),
		   ('Moskau', 256, 17),
		   ('Morgenstern', 240, 17),
		   ('Stein um Stein', 232, 17),
		   ('Ohne dich', 271, 17),
		   ('Amour', 291, 17),
		   ('РџРµСЃРЅСЏ Р±РµР· СЃР»РѕРІ', 303, 18),
		   ('Р—РІРµР·РґР° РїРѕ РёРјРµРЅРё РЎРѕР»РЅС†Рµ', 226, 18),
		   ('РќРµРІРµСЃС‘Р»Р°СЏ РїРµСЃРЅСЏ', 256, 18),
		   ('РЎРєР°Р·РєР°', 357, 18),
		   ('РњРµСЃС‚Рѕ РґР»СЏ С€Р°РіР° РІРїРµСЂС‘Рґ', 220, 18),
		   ('РџР°С‡РєР° СЃРёРіР°СЂРµС‚', 266, 18),
		   ('РЎС‚СѓРє (РћРґРЅРѕ Р»РёС€СЊ СЃР»РѕРІРѕ)', 229, 18),
		   ('РџРµС‡Р°Р»СЊ', 331, 18),
		   ('РђРїСЂРµР»СЊ', 279, 18),
		   ('Р“СЂСѓРїРїР° РєСЂРѕРІРё', 284, 19),
		   ('Р—Р°РєСЂРѕР№ Р·Р° РјРЅРѕР№ РґРІРµСЂСЊ, СЏ СѓС…РѕР¶Сѓ', 256, 19),
		   ('Р’РѕР№РЅР°', 245, 19),
		   ('РЎРїРѕРєРѕР№РЅР°СЏ РЅРѕС‡СЊ', 364, 19),
		   ('РњР°РјР°, РјС‹ РІСЃРµ СЃРѕС€Р»Рё СЃ СѓРјР°', 247, 19),
		   ('Р‘РѕС€РµС‚СѓРЅРјР°Р№', 248, 19),
		   ('Р’ РЅР°С€РёС… РіР»Р°Р·Р°С…', 214, 19),
		   ('РџРѕРїСЂРѕР±СѓР№ СЃРїРµС‚СЊ РІРјРµСЃС‚Рµ СЃРѕ РјРЅРѕР№', 275, 19),
		   ('РџСЂРѕС…РѕР¶РёР№', 219, 19),
		   ('Р”Р°Р»СЊС€Рµ РґРµР№СЃС‚РІРѕРІР°С‚СЊ Р±СѓРґРµРј РјС‹', 237, 19),
		   ('Р›РµРіРµРЅРґР°', 249, 19),
		   ('Р’РѕСЏРґР¶РµСЂ-1', 219, 20),
		   ('Р’С‹С…РѕРґ РІ РіРѕСЂРѕРґ', 189, 20),
		   ('РњРёРѕРєР°СЂРґ', 183, 20),
		   ('РЎРµР»СЊРјР° Р›Р°РіРµСЂР»С‘С„', 275, 20),
		   ('РЎРѕРїСЂРѕС‚РёРІР»РµРЅРёРµ РІРѕР·РґСѓС…Р°', 177, 20),
		   ('Р”РІР°РґС†Р°С‚С‹Рµ РіРѕРґС‹', 196, 20),
		   ('Р’РµРє-РІРѕР»РєРѕРґР°РІ', 178, 20),
		   ('РЎС‚РѕР»РµС‚РЅСЏСЏ РІРѕР№РЅР°', 194, 20),
		   ('Р’СѓРґСѓ', 210, 20),
		   ('РРЅСЃС‚РёРЅРєС‚', 234, 20),
		   ('РўСЂР°РЅСЃРіСѓРјР°РЅРёР·Рј 2.0', 200, 20),
		   ('РџР°СѓС‡СЊРёРјРё С‚РµРЅС‘С‚Р°РјРё', 178, 20),
		   ('РџРµСЃРЅСЏ РїСЂРµРґР°С‚РµР»СЏ', 237, 20),
		   ('Р‘РёР·РЅРµСЃРјРµРЅ, С‡С‚Рѕ РїСЂРѕРґР°Р» РјРёСЂ', 233, 20),
		   ('Р’СЃС‘ РєР°Рє Сѓ Р»СЋРґРµР№', 271, 20),
		   ('Р‘СѓРєРµС‚ РєСЂР°РїРёРІС‹', 185, 20),
		   ('26.04', 230, 20),
		   ('РџРµСЂРІС‹Рµ СЃРёРјРїС‚РѕРјС‹', 238, 20),
		   ('РћРїС‹С‚ РѕС‚СЃСѓС‚СЃС‚РІРёСЏ', 195, 20),
		   ('Р’РµСЂРµРЅРёС†Р°', 225, 20),
		   ('Make Some Noize', 213, 21),
		   ('РЎС‚СЌРЅР»Рё Р·Р°РїРёС€РµС‚ С…РёС‚', 172, 21),
		   ('Р¦Р°СЂСЊ РіРѕСЂС‹', 269, 21),
		   ('Р­РјРїР°Р№СЂ РЎС‚СЌР№С‚', 170, 21),
		   ('Р“РІРѕР·РґРё', 211, 21),
		   ('Р“СЂР°Р±Р»Рё', 278, 21),
		   ('Р§Р°Р№Р»РґС„СЂРё', 245, 21),
		   ('Р’СЃС‘ РћРљ', 242, 21),
		   ('Р”Р¶РµР№РјРµСЃРѕРЅ', 232, 21),
		   ('РџРёС‚РµСЂСЃРєРёРµ РєСЂС‹С€Рё', 215, 21),
		   ('РљРёСЃР»РѕС‚РЅС‹Р№ РґРѕР¶РґСЊ', 178, 21),
		   ('Р›СЋР±РёРјС‹Р№ С†РІРµС‚', 151, 21),
		   ('!!L!VE!', 158, 21);
		   
		   
		   
		   
2023-03-18 22:43:59.571 +07 [6032] СООБЩЕНИЕ:  начата контрольная точка: time
2023-03-18 22:44:04.343 +07 [6032] СООБЩЕНИЕ:  контрольная точка завершена: записано буферов: 41 (0.3%); добавлено файлов WAL 0, удалено: 0, переработано: 0; запись=4.361 сек., синхр.=0.316 сек., всего=4.773 сек.; синхронизировано_файлов=29, самая_долгая_синхр.=0.017 сек., средняя=0.011 сек.; расстояние=77 kB, ожидалось=4188 kB
2023-03-18 22:53:59.353 +07 [6032] СООБЩЕНИЕ:  начата контрольная точка: time
2023-03-18 22:54:17.022 +07 [6032] СООБЩЕНИЕ:  контрольная точка завершена: записано буферов: 154 (0.9%); добавлено файлов WAL 0, удалено: 0, переработано: 0; запись=16.690 сек., синхр.=0.873 сек., всего=17.670 сек.; синхронизировано_файлов=69, самая_долгая_синхр.=0.035 сек., средняя=0.013 сек.; расстояние=796 kB, ожидалось=3849 kB
2023-03-18 22:58:59.038 +07 [6032] СООБЩЕНИЕ:  начата контрольная точка: time
2023-03-18 22:59:02.495 +07 [6032] СООБЩЕНИЕ:  контрольная точка завершена: записано буферов: 15 (0.1%); добавлено файлов WAL 0, удалено: 0, переработано: 0; запись=1.523 сек., синхр.=0.175 сек., всего=3.457 сек.; синхронизировано_файлов=11, самая_долгая_синхр.=0.042 сек., средняя=0.016 сек.; расстояние=20 kB, ожидалось=3466 kB
2023-03-18 23:03:59.503 +07 [6032] СООБЩЕНИЕ:  начата контрольная точка: time
2023-03-18 23:04:02.137 +07 [6032] СООБЩЕНИЕ:  контрольная точка завершена: записано буферов: 7 (0.0%); добавлено файлов WAL 0, удалено: 0, переработано: 0; запись=0.661 сек., синхр.=0.199 сек., всего=2.635 сек.; синхронизировано_файлов=6, самая_долгая_синхр.=0.055 сек., средняя=0.034 сек.; расстояние=6 kB, ожидалось=3120 kB
2023-03-18 23:33:59.209 +07 [6032] СООБЩЕНИЕ:  начата контрольная точка: time
2023-03-18 23:34:01.927 +07 [6032] СООБЩЕНИЕ:  контрольная точка завершена: записано буферов: 8 (0.0%); добавлено файлов WAL 0, удалено: 0, переработано: 0; запись=0.767 сек., синхр.=0.187 сек., всего=2.719 сек.; синхронизировано_файлов=7, самая_долгая_синхр.=0.052 сек., средняя=0.027 сек.; расстояние=8 kB, ожидалось=2809 kB
